0 info it worked if it ends with ok
1 verbose cli [ 'C:\\Program Files\\nodejs\\node.exe',
1 verbose cli   'C:\\Program Files\\nodejs\\node_modules\\npm\\bin\\npm-cli.js',
1 verbose cli   'install',
1 verbose cli   'bcrypt' ]
2 info using npm@3.3.12
3 info using node@v5.4.1
4 silly loadCurrentTree Starting
5 silly install loadCurrentTree
6 silly install readLocalPackageData
7 silly fetchPackageMetaData bcrypt
8 silly fetchNamedPackageData bcrypt
9 silly mapToRegistry name bcrypt
10 silly mapToRegistry using default registry
11 silly mapToRegistry registry https://registry.npmjs.org/
12 silly mapToRegistry uri https://registry.npmjs.org/bcrypt
13 verbose request uri https://registry.npmjs.org/bcrypt
14 verbose request no auth needed
15 info attempt registry request try #1 at 5:32:59 PM
16 verbose request id 498151bfc0c42a37
17 http request GET https://registry.npmjs.org/bcrypt
18 http 200 https://registry.npmjs.org/bcrypt
19 verbose headers { server: 'CouchDB/1.5.0 (Erlang OTP/R16B03)',
19 verbose headers   etag: '"60A66IN8OFF9GO61URKKA8RU6"',
19 verbose headers   'content-type': 'application/json',
19 verbose headers   'cache-control': 'max-age=300',
19 verbose headers   'content-length': '74602',
19 verbose headers   'accept-ranges': 'bytes',
19 verbose headers   date: 'Sat, 16 Jan 2016 22:32:59 GMT',
19 verbose headers   via: '1.1 varnish',
19 verbose headers   age: '0',
19 verbose headers   connection: 'keep-alive',
19 verbose headers   'x-served-by': 'cache-jfk1023-JFK',
19 verbose headers   'x-cache': 'HIT',
19 verbose headers   'x-cache-hits': '1',
19 verbose headers   'x-timer': 'S1452983579.627065,VS0,VE17',
19 verbose headers   vary: 'Accept' }
20 silly get cb [ 200,
20 silly get   { server: 'CouchDB/1.5.0 (Erlang OTP/R16B03)',
20 silly get     etag: '"60A66IN8OFF9GO61URKKA8RU6"',
20 silly get     'content-type': 'application/json',
20 silly get     'cache-control': 'max-age=300',
20 silly get     'content-length': '74602',
20 silly get     'accept-ranges': 'bytes',
20 silly get     date: 'Sat, 16 Jan 2016 22:32:59 GMT',
20 silly get     via: '1.1 varnish',
20 silly get     age: '0',
20 silly get     connection: 'keep-alive',
20 silly get     'x-served-by': 'cache-jfk1023-JFK',
20 silly get     'x-cache': 'HIT',
20 silly get     'x-cache-hits': '1',
20 silly get     'x-timer': 'S1452983579.627065,VS0,VE17',
20 silly get     vary: 'Accept' } ]
21 verbose get saving bcrypt to C:\Users\LAM III\AppData\Roaming\npm-cache\registry.npmjs.org\bcrypt\.cache.json
22 silly install normalizeTree
23 silly loadCurrentTree Finishing
24 silly loadIdealTree Starting
25 silly install loadIdealTree
26 silly cloneCurrentTree Starting
27 silly install cloneCurrentTreeToIdealTree
28 silly cloneCurrentTree Finishing
29 silly loadShrinkwrap Starting
30 silly install loadShrinkwrap
31 silly loadShrinkwrap Finishing
32 silly loadAllDepsIntoIdealTree Starting
33 silly install loadAllDepsIntoIdealTree
34 silly resolveWithNewModule bcrypt@0.8.5 checking installable status
35 silly cache add args [ 'bcrypt', null ]
36 verbose cache add spec bcrypt
37 silly cache add parsed spec Result {
37 silly cache add   raw: 'bcrypt',
37 silly cache add   scope: null,
37 silly cache add   name: 'bcrypt',
37 silly cache add   rawSpec: '',
37 silly cache add   spec: '*',
37 silly cache add   type: 'range' }
38 silly addNamed bcrypt@*
39 verbose addNamed "*" is a valid semver range for bcrypt
40 silly addNameRange { name: 'bcrypt', range: '*', hasData: false }
41 silly mapToRegistry name bcrypt
42 silly mapToRegistry using default registry
43 silly mapToRegistry registry https://registry.npmjs.org/
44 silly mapToRegistry uri https://registry.npmjs.org/bcrypt
45 verbose addNameRange registry:https://registry.npmjs.org/bcrypt not in flight; fetching
46 verbose get https://registry.npmjs.org/bcrypt not expired, no request
47 silly addNameRange number 2 { name: 'bcrypt', range: '*', hasData: true }
48 silly addNameRange versions [ 'bcrypt',
48 silly addNameRange   [ '0.1.2',
48 silly addNameRange     '0.2.0',
48 silly addNameRange     '0.2.1',
48 silly addNameRange     '0.1.3',
48 silly addNameRange     '0.2.2',
48 silly addNameRange     '0.2.3',
48 silly addNameRange     '0.2.4',
48 silly addNameRange     '0.3.0',
48 silly addNameRange     '0.3.1',
48 silly addNameRange     '0.3.2',
48 silly addNameRange     '0.4.0',
48 silly addNameRange     '0.4.1',
48 silly addNameRange     '0.5.0',
48 silly addNameRange     '0.6.0',
48 silly addNameRange     '0.7.0',
48 silly addNameRange     '0.7.1',
48 silly addNameRange     '0.7.2',
48 silly addNameRange     '0.7.3',
48 silly addNameRange     '0.7.4',
48 silly addNameRange     '0.7.5',
48 silly addNameRange     '0.7.6',
48 silly addNameRange     '0.7.7',
48 silly addNameRange     '0.7.8',
48 silly addNameRange     '0.8.0',
48 silly addNameRange     '0.8.1',
48 silly addNameRange     '0.8.2',
48 silly addNameRange     '0.8.3',
48 silly addNameRange     '0.8.4',
48 silly addNameRange     '0.8.5' ] ]
49 silly addNamed bcrypt@0.8.5
50 verbose addNamed "0.8.5" is a plain semver version for bcrypt
51 silly mapToRegistry name bcrypt
52 silly mapToRegistry using default registry
53 silly mapToRegistry registry https://registry.npmjs.org/
54 silly mapToRegistry uri https://registry.npmjs.org/bcrypt
55 verbose addRemoteTarball https://registry.npmjs.org/bcrypt/-/bcrypt-0.8.5.tgz not in flight; adding
56 verbose addRemoteTarball [ 'https://registry.npmjs.org/bcrypt/-/bcrypt-0.8.5.tgz',
56 verbose addRemoteTarball   '8e5b81b4db80e944f440005979ca8d58a961861d' ]
57 info retry fetch attempt 1 at 5:33:00 PM
58 info attempt registry request try #1 at 5:33:00 PM
59 http fetch GET https://registry.npmjs.org/bcrypt/-/bcrypt-0.8.5.tgz
60 http fetch 200 https://registry.npmjs.org/bcrypt/-/bcrypt-0.8.5.tgz
61 silly fetchAndShaCheck shasum 8e5b81b4db80e944f440005979ca8d58a961861d
62 verbose addTmpTarball C:\Users\LAMIII~1\AppData\Local\Temp\npm-444-dd6bab34\registry.npmjs.org\bcrypt\-\bcrypt-0.8.5.tgz not in flight; adding
63 verbose addTmpTarball already have metadata; skipping unpack for bcrypt@0.8.5
64 silly cache afterAdd bcrypt@0.8.5
65 verbose afterAdd C:\Users\LAM III\AppData\Roaming\npm-cache\bcrypt\0.8.5\package\package.json not in flight; writing
66 verbose afterAdd C:\Users\LAM III\AppData\Roaming\npm-cache\bcrypt\0.8.5\package\package.json written
67 silly fetchNamedPackageData bindings
68 silly mapToRegistry name bindings
69 silly mapToRegistry using default registry
70 silly mapToRegistry registry https://registry.npmjs.org/
71 silly mapToRegistry uri https://registry.npmjs.org/bindings
72 silly fetchNamedPackageData nan
73 silly mapToRegistry name nan
74 silly mapToRegistry using default registry
75 silly mapToRegistry registry https://registry.npmjs.org/
76 silly mapToRegistry uri https://registry.npmjs.org/nan
77 verbose request uri https://registry.npmjs.org/bindings
78 verbose request no auth needed
79 info attempt registry request try #1 at 5:33:00 PM
80 http request GET https://registry.npmjs.org/bindings
81 verbose request uri https://registry.npmjs.org/nan
82 verbose request no auth needed
83 info attempt registry request try #1 at 5:33:00 PM
84 http request GET https://registry.npmjs.org/nan
85 http 200 https://registry.npmjs.org/bindings
86 verbose headers { server: 'CouchDB/1.5.0 (Erlang OTP/R16B03)',
86 verbose headers   etag: '"1LLBF9OH58DLBEL4629U6032D"',
86 verbose headers   'content-type': 'application/json',
86 verbose headers   'cache-control': 'max-age=300',
86 verbose headers   'content-length': '18066',
86 verbose headers   'accept-ranges': 'bytes',
86 verbose headers   date: 'Sat, 16 Jan 2016 22:33:00 GMT',
86 verbose headers   via: '1.1 varnish',
86 verbose headers   age: '95',
86 verbose headers   connection: 'keep-alive',
86 verbose headers   'x-served-by': 'cache-jfk1036-JFK',
86 verbose headers   'x-cache': 'HIT',
86 verbose headers   'x-cache-hits': '1',
86 verbose headers   'x-timer': 'S1452983580.430969,VS0,VE0',
86 verbose headers   vary: 'Accept' }
87 silly get cb [ 200,
87 silly get   { server: 'CouchDB/1.5.0 (Erlang OTP/R16B03)',
87 silly get     etag: '"1LLBF9OH58DLBEL4629U6032D"',
87 silly get     'content-type': 'application/json',
87 silly get     'cache-control': 'max-age=300',
87 silly get     'content-length': '18066',
87 silly get     'accept-ranges': 'bytes',
87 silly get     date: 'Sat, 16 Jan 2016 22:33:00 GMT',
87 silly get     via: '1.1 varnish',
87 silly get     age: '95',
87 silly get     connection: 'keep-alive',
87 silly get     'x-served-by': 'cache-jfk1036-JFK',
87 silly get     'x-cache': 'HIT',
87 silly get     'x-cache-hits': '1',
87 silly get     'x-timer': 'S1452983580.430969,VS0,VE0',
87 silly get     vary: 'Accept' } ]
88 verbose get saving bindings to C:\Users\LAM III\AppData\Roaming\npm-cache\registry.npmjs.org\bindings\.cache.json
89 silly resolveWithNewModule bindings@1.2.1 checking installable status
90 silly cache add args [ 'bindings@1.2.1', null ]
91 verbose cache add spec bindings@1.2.1
92 silly cache add parsed spec Result {
92 silly cache add   raw: 'bindings@1.2.1',
92 silly cache add   scope: null,
92 silly cache add   name: 'bindings',
92 silly cache add   rawSpec: '1.2.1',
92 silly cache add   spec: '1.2.1',
92 silly cache add   type: 'version' }
93 silly addNamed bindings@1.2.1
94 verbose addNamed "1.2.1" is a plain semver version for bindings
95 silly mapToRegistry name bindings
96 silly mapToRegistry using default registry
97 silly mapToRegistry registry https://registry.npmjs.org/
98 silly mapToRegistry uri https://registry.npmjs.org/bindings
99 verbose addNameVersion registry:https://registry.npmjs.org/bindings not in flight; fetching
100 verbose get https://registry.npmjs.org/bindings not expired, no request
101 silly mapToRegistry name bindings
102 silly mapToRegistry using default registry
103 silly mapToRegistry registry https://registry.npmjs.org/
104 silly mapToRegistry uri https://registry.npmjs.org/bindings
105 verbose addRemoteTarball https://registry.npmjs.org/bindings/-/bindings-1.2.1.tgz not in flight; adding
106 verbose addRemoteTarball [ 'https://registry.npmjs.org/bindings/-/bindings-1.2.1.tgz',
106 verbose addRemoteTarball   '14ad6113812d2d37d72e67b4cacb4bb726505f11' ]
107 info retry fetch attempt 1 at 5:33:00 PM
108 info attempt registry request try #1 at 5:33:00 PM
109 http fetch GET https://registry.npmjs.org/bindings/-/bindings-1.2.1.tgz
110 http 200 https://registry.npmjs.org/nan
111 verbose headers { server: 'CouchDB/1.5.0 (Erlang OTP/R16B03)',
111 verbose headers   etag: '"798MRG5PQ3TIGV0CLUOSQMVAG"',
111 verbose headers   'content-type': 'application/json',
111 verbose headers   'cache-control': 'max-age=300',
111 verbose headers   'content-length': '102482',
111 verbose headers   'accept-ranges': 'bytes',
111 verbose headers   date: 'Sat, 16 Jan 2016 22:33:00 GMT',
111 verbose headers   via: '1.1 varnish',
111 verbose headers   age: '165',
111 verbose headers   connection: 'keep-alive',
111 verbose headers   'x-served-by': 'cache-jfk1033-JFK',
111 verbose headers   'x-cache': 'HIT',
111 verbose headers   'x-cache-hits': '2',
111 verbose headers   'x-timer': 'S1452983580.428590,VS0,VE0',
111 verbose headers   vary: 'Accept' }
112 silly get cb [ 200,
112 silly get   { server: 'CouchDB/1.5.0 (Erlang OTP/R16B03)',
112 silly get     etag: '"798MRG5PQ3TIGV0CLUOSQMVAG"',
112 silly get     'content-type': 'application/json',
112 silly get     'cache-control': 'max-age=300',
112 silly get     'content-length': '102482',
112 silly get     'accept-ranges': 'bytes',
112 silly get     date: 'Sat, 16 Jan 2016 22:33:00 GMT',
112 silly get     via: '1.1 varnish',
112 silly get     age: '165',
112 silly get     connection: 'keep-alive',
112 silly get     'x-served-by': 'cache-jfk1033-JFK',
112 silly get     'x-cache': 'HIT',
112 silly get     'x-cache-hits': '2',
112 silly get     'x-timer': 'S1452983580.428590,VS0,VE0',
112 silly get     vary: 'Accept' } ]
113 verbose get saving nan to C:\Users\LAM III\AppData\Roaming\npm-cache\registry.npmjs.org\nan\.cache.json
114 silly resolveWithNewModule nan@2.0.5 checking installable status
115 silly cache add args [ 'nan@2.0.5', null ]
116 verbose cache add spec nan@2.0.5
117 silly cache add parsed spec Result {
117 silly cache add   raw: 'nan@2.0.5',
117 silly cache add   scope: null,
117 silly cache add   name: 'nan',
117 silly cache add   rawSpec: '2.0.5',
117 silly cache add   spec: '2.0.5',
117 silly cache add   type: 'version' }
118 silly addNamed nan@2.0.5
119 verbose addNamed "2.0.5" is a plain semver version for nan
120 silly mapToRegistry name nan
121 silly mapToRegistry using default registry
122 silly mapToRegistry registry https://registry.npmjs.org/
123 silly mapToRegistry uri https://registry.npmjs.org/nan
124 verbose addNameVersion registry:https://registry.npmjs.org/nan not in flight; fetching
125 verbose get https://registry.npmjs.org/nan not expired, no request
126 silly mapToRegistry name nan
127 silly mapToRegistry using default registry
128 silly mapToRegistry registry https://registry.npmjs.org/
129 silly mapToRegistry uri https://registry.npmjs.org/nan
130 verbose addRemoteTarball https://registry.npmjs.org/nan/-/nan-2.0.5.tgz not in flight; adding
131 verbose addRemoteTarball [ 'https://registry.npmjs.org/nan/-/nan-2.0.5.tgz',
131 verbose addRemoteTarball   '365888014be1fd178db0cbfa258edf7b0cb1c408' ]
132 info retry fetch attempt 1 at 5:33:00 PM
133 info attempt registry request try #1 at 5:33:00 PM
134 http fetch GET https://registry.npmjs.org/nan/-/nan-2.0.5.tgz
135 http fetch 200 https://registry.npmjs.org/bindings/-/bindings-1.2.1.tgz
136 silly fetchAndShaCheck shasum 14ad6113812d2d37d72e67b4cacb4bb726505f11
137 verbose addTmpTarball C:\Users\LAMIII~1\AppData\Local\Temp\npm-444-dd6bab34\registry.npmjs.org\bindings\-\bindings-1.2.1.tgz not in flight; adding
138 verbose addTmpTarball already have metadata; skipping unpack for bindings@1.2.1
139 silly cache afterAdd bindings@1.2.1
140 verbose afterAdd C:\Users\LAM III\AppData\Roaming\npm-cache\bindings\1.2.1\package\package.json not in flight; writing
141 verbose afterAdd C:\Users\LAM III\AppData\Roaming\npm-cache\bindings\1.2.1\package\package.json written
142 http fetch 200 https://registry.npmjs.org/nan/-/nan-2.0.5.tgz
143 silly fetchAndShaCheck shasum 365888014be1fd178db0cbfa258edf7b0cb1c408
144 verbose addTmpTarball C:\Users\LAMIII~1\AppData\Local\Temp\npm-444-dd6bab34\registry.npmjs.org\nan\-\nan-2.0.5.tgz not in flight; adding
145 verbose addTmpTarball already have metadata; skipping unpack for nan@2.0.5
146 silly cache afterAdd nan@2.0.5
147 verbose afterAdd C:\Users\LAM III\AppData\Roaming\npm-cache\nan\2.0.5\package\package.json not in flight; writing
148 verbose afterAdd C:\Users\LAM III\AppData\Roaming\npm-cache\nan\2.0.5\package\package.json written
149 silly loadAllDepsIntoIdealTree Finishing
150 silly idealTree:prePrune testing_ruby
150 silly idealTree:prePrune ├── bcrypt@0.8.5
150 silly idealTree:prePrune ├── bindings@1.2.1
150 silly idealTree:prePrune └── nan@2.0.5
151 silly loadIdealTree Finishing
152 silly currentTree testing_ruby
153 silly idealTree testing_ruby
153 silly idealTree ├── bcrypt@0.8.5
153 silly idealTree ├── bindings@1.2.1
153 silly idealTree └── nan@2.0.5
154 silly generateActionsToTake Starting
155 silly install generateActionsToTake
156 silly generateActionsToTake Finishing
157 silly diffTrees action count 3
158 silly diffTrees add bindings@1.2.1
159 silly diffTrees add nan@2.0.5
160 silly diffTrees add bcrypt@0.8.5
161 silly decomposeActions action count 24
162 silly decomposeActions fetch bindings@1.2.1
163 silly decomposeActions extract bindings@1.2.1
164 silly decomposeActions preinstall bindings@1.2.1
165 silly decomposeActions build bindings@1.2.1
166 silly decomposeActions install bindings@1.2.1
167 silly decomposeActions postinstall bindings@1.2.1
168 silly decomposeActions test bindings@1.2.1
169 silly decomposeActions finalize bindings@1.2.1
170 silly decomposeActions fetch nan@2.0.5
171 silly decomposeActions extract nan@2.0.5
172 silly decomposeActions preinstall nan@2.0.5
173 silly decomposeActions build nan@2.0.5
174 silly decomposeActions install nan@2.0.5
175 silly decomposeActions postinstall nan@2.0.5
176 silly decomposeActions test nan@2.0.5
177 silly decomposeActions finalize nan@2.0.5
178 silly decomposeActions fetch bcrypt@0.8.5
179 silly decomposeActions extract bcrypt@0.8.5
180 silly decomposeActions preinstall bcrypt@0.8.5
181 silly decomposeActions build bcrypt@0.8.5
182 silly decomposeActions install bcrypt@0.8.5
183 silly decomposeActions postinstall bcrypt@0.8.5
184 silly decomposeActions test bcrypt@0.8.5
185 silly decomposeActions finalize bcrypt@0.8.5
186 silly executeActions Starting
187 silly install executeActions
188 silly doSerial global-install 0
189 silly doParallel fetch 3
190 verbose lock using C:\Users\LAM III\AppData\Roaming\npm-cache\_locks\staging-d03bf406b5162305.lock for C:\ruby\code\testing_ruby\node_modules\.staging
191 silly doParallel extract 3
192 silly extract bindings@1.2.1
193 silly extract nan@2.0.5
194 silly extract bcrypt@0.8.5
195 verbose unbuild node_modules\.staging\nan-e1c8f90c8dc5a88879e0f574a733f84d
196 verbose unbuild node_modules\.staging\bindings-01030c282f8530a68b9209aadc8fced4
197 verbose unbuild node_modules\.staging\bcrypt-930284c58534f55910ade28a0bbe205b
198 silly gentlyRm C:\ruby\code\testing_ruby\node_modules\.staging\nan-e1c8f90c8dc5a88879e0f574a733f84d is being purged from base C:\ruby\code\testing_ruby
199 silly gentlyRm C:\ruby\code\testing_ruby\node_modules\.staging\bindings-01030c282f8530a68b9209aadc8fced4 is being purged from base C:\ruby\code\testing_ruby
200 verbose gentlyRm don't care about contents; nuking C:\ruby\code\testing_ruby\node_modules\.staging\nan-e1c8f90c8dc5a88879e0f574a733f84d
201 silly gentlyRm C:\ruby\code\testing_ruby\node_modules\.staging\bcrypt-930284c58534f55910ade28a0bbe205b is being purged from base C:\ruby\code\testing_ruby
202 verbose gentlyRm don't care about contents; nuking C:\ruby\code\testing_ruby\node_modules\.staging\bindings-01030c282f8530a68b9209aadc8fced4
203 verbose tar unpack C:\Users\LAM III\AppData\Roaming\npm-cache\nan\2.0.5\package.tgz
204 verbose tar unpacking to C:\ruby\code\testing_ruby\node_modules\.staging\nan-e1c8f90c8dc5a88879e0f574a733f84d
205 silly gentlyRm C:\ruby\code\testing_ruby\node_modules\.staging\nan-e1c8f90c8dc5a88879e0f574a733f84d is being purged
206 verbose gentlyRm don't care about contents; nuking C:\ruby\code\testing_ruby\node_modules\.staging\bcrypt-930284c58534f55910ade28a0bbe205b
207 verbose tar unpack C:\Users\LAM III\AppData\Roaming\npm-cache\bindings\1.2.1\package.tgz
208 verbose tar unpacking to C:\ruby\code\testing_ruby\node_modules\.staging\bindings-01030c282f8530a68b9209aadc8fced4
209 silly gentlyRm C:\ruby\code\testing_ruby\node_modules\.staging\bindings-01030c282f8530a68b9209aadc8fced4 is being purged
210 verbose gentlyRm don't care about contents; nuking C:\ruby\code\testing_ruby\node_modules\.staging\nan-e1c8f90c8dc5a88879e0f574a733f84d
211 verbose tar unpack C:\Users\LAM III\AppData\Roaming\npm-cache\bcrypt\0.8.5\package.tgz
212 verbose tar unpacking to C:\ruby\code\testing_ruby\node_modules\.staging\bcrypt-930284c58534f55910ade28a0bbe205b
213 silly gentlyRm C:\ruby\code\testing_ruby\node_modules\.staging\bcrypt-930284c58534f55910ade28a0bbe205b is being purged
214 verbose gentlyRm don't care about contents; nuking C:\ruby\code\testing_ruby\node_modules\.staging\bindings-01030c282f8530a68b9209aadc8fced4
215 silly gunzTarPerm modes [ '777', '666' ]
216 verbose gentlyRm don't care about contents; nuking C:\ruby\code\testing_ruby\node_modules\.staging\bcrypt-930284c58534f55910ade28a0bbe205b
217 silly gunzTarPerm modes [ '777', '666' ]
218 silly gunzTarPerm modes [ '777', '666' ]
219 silly gunzTarPerm extractEntry package.json
220 silly gunzTarPerm modified mode [ 'package.json', 420, 438 ]
221 silly gunzTarPerm extractEntry package.json
222 silly gunzTarPerm modified mode [ 'package.json', 436, 438 ]
223 silly gunzTarPerm extractEntry package.json
224 silly gunzTarPerm modified mode [ 'package.json', 420, 438 ]
225 silly gunzTarPerm extractEntry README.md
226 silly gunzTarPerm modified mode [ 'README.md', 436, 438 ]
227 silly gunzTarPerm extractEntry include_dirs.js
228 silly gunzTarPerm modified mode [ 'include_dirs.js', 436, 438 ]
229 silly gunzTarPerm extractEntry nan_converters.h
230 silly gunzTarPerm modified mode [ 'nan_converters.h', 436, 438 ]
231 silly gunzTarPerm extractEntry LICENSE.md
232 silly gunzTarPerm modified mode [ 'LICENSE.md', 436, 438 ]
233 silly gunzTarPerm extractEntry .dntrc
234 silly gunzTarPerm modified mode [ '.dntrc', 436, 438 ]
235 silly gunzTarPerm extractEntry appveyor.yml
236 silly gunzTarPerm modified mode [ 'appveyor.yml', 436, 438 ]
237 silly gunzTarPerm extractEntry doc/new.md
238 silly gunzTarPerm modified mode [ 'doc/new.md', 436, 438 ]
239 silly gunzTarPerm extractEntry doc/.build.sh
240 silly gunzTarPerm modified mode [ 'doc/.build.sh', 509, 511 ]
241 silly gunzTarPerm extractEntry doc/buffers.md
242 silly gunzTarPerm modified mode [ 'doc/buffers.md', 436, 438 ]
243 silly gunzTarPerm extractEntry doc/callback.md
244 silly gunzTarPerm modified mode [ 'doc/callback.md', 436, 438 ]
245 silly gunzTarPerm extractEntry doc/converters.md
246 silly gunzTarPerm modified mode [ 'doc/converters.md', 436, 438 ]
247 silly gunzTarPerm extractEntry doc/errors.md
248 silly gunzTarPerm modified mode [ 'doc/errors.md', 436, 438 ]
249 silly gunzTarPerm extractEntry doc/maybe_types.md
250 silly gunzTarPerm modified mode [ 'doc/maybe_types.md', 436, 438 ]
251 silly gunzTarPerm extractEntry doc/methods.md
252 silly gunzTarPerm modified mode [ 'doc/methods.md', 436, 438 ]
253 silly gunzTarPerm extractEntry doc/asyncworker.md
254 silly gunzTarPerm modified mode [ 'doc/asyncworker.md', 436, 438 ]
255 silly gunzTarPerm extractEntry doc/node_misc.md
256 silly gunzTarPerm modified mode [ 'doc/node_misc.md', 436, 438 ]
257 silly gunzTarPerm extractEntry doc/persistent.md
258 silly gunzTarPerm modified mode [ 'doc/persistent.md', 436, 438 ]
259 silly gunzTarPerm extractEntry doc/scopes.md
260 silly gunzTarPerm modified mode [ 'doc/scopes.md', 436, 438 ]
261 silly gunzTarPerm extractEntry doc/script.md
262 silly gunzTarPerm modified mode [ 'doc/script.md', 436, 438 ]
263 silly gunzTarPerm extractEntry doc/string_bytes.md
264 silly gunzTarPerm modified mode [ 'doc/string_bytes.md', 436, 438 ]
265 silly gunzTarPerm extractEntry doc/v8_internals.md
266 silly gunzTarPerm modified mode [ 'doc/v8_internals.md', 436, 438 ]
267 silly gunzTarPerm extractEntry doc/v8_misc.md
268 silly gunzTarPerm modified mode [ 'doc/v8_misc.md', 436, 438 ]
269 silly gunzTarPerm extractEntry nan.h
270 silly gunzTarPerm modified mode [ 'nan.h', 436, 438 ]
271 silly gunzTarPerm extractEntry nan_callbacks.h
272 silly gunzTarPerm modified mode [ 'nan_callbacks.h', 436, 438 ]
273 silly gunzTarPerm extractEntry nan_callbacks_12_inl.h
274 silly gunzTarPerm modified mode [ 'nan_callbacks_12_inl.h', 436, 438 ]
275 silly gunzTarPerm extractEntry nan_callbacks_pre_12_inl.h
276 silly gunzTarPerm modified mode [ 'nan_callbacks_pre_12_inl.h', 436, 438 ]
277 silly gunzTarPerm extractEntry nan_converters_43_inl.h
278 silly gunzTarPerm modified mode [ 'nan_converters_43_inl.h', 436, 438 ]
279 silly gunzTarPerm extractEntry nan_converters_pre_43_inl.h
280 silly gunzTarPerm modified mode [ 'nan_converters_pre_43_inl.h', 436, 438 ]
281 silly gunzTarPerm extractEntry nan_implementation_12_inl.h
282 silly gunzTarPerm modified mode [ 'nan_implementation_12_inl.h', 436, 438 ]
283 silly gunzTarPerm extractEntry nan_implementation_pre_12_inl.h
284 silly gunzTarPerm modified mode [ 'nan_implementation_pre_12_inl.h', 436, 438 ]
285 silly gunzTarPerm extractEntry nan_maybe_43_inl.h
286 silly gunzTarPerm modified mode [ 'nan_maybe_43_inl.h', 436, 438 ]
287 silly gunzTarPerm extractEntry nan_maybe_pre_43_inl.h
288 silly gunzTarPerm modified mode [ 'nan_maybe_pre_43_inl.h', 436, 438 ]
289 silly gunzTarPerm extractEntry nan_new.h
290 silly gunzTarPerm modified mode [ 'nan_new.h', 436, 438 ]
291 silly gunzTarPerm extractEntry nan_object_wrap.h
292 silly gunzTarPerm modified mode [ 'nan_object_wrap.h', 436, 438 ]
293 silly gunzTarPerm extractEntry nan_persistent_12_inl.h
294 silly gunzTarPerm modified mode [ 'nan_persistent_12_inl.h', 436, 438 ]
295 silly gunzTarPerm extractEntry nan_persistent_pre_12_inl.h
296 silly gunzTarPerm modified mode [ 'nan_persistent_pre_12_inl.h', 436, 438 ]
297 silly gunzTarPerm extractEntry nan_string_bytes.h
298 silly gunzTarPerm modified mode [ 'nan_string_bytes.h', 436, 438 ]
299 silly gunzTarPerm extractEntry nan_weak.h
300 silly gunzTarPerm modified mode [ 'nan_weak.h', 436, 438 ]
301 silly gunzTarPerm extractEntry CHANGELOG.md
302 silly gunzTarPerm modified mode [ 'CHANGELOG.md', 436, 438 ]
303 silly gunzTarPerm extractEntry tools/package.json
304 silly gunzTarPerm modified mode [ 'tools/package.json', 436, 438 ]
305 silly gunzTarPerm extractEntry tools/README.md
306 silly gunzTarPerm modified mode [ 'tools/README.md', 436, 438 ]
307 silly gunzTarPerm extractEntry tools/1to2.js
308 silly gunzTarPerm modified mode [ 'tools/1to2.js', 509, 511 ]
309 silly gunzTarPerm extractEntry .npmignore
310 silly gunzTarPerm modified mode [ '.npmignore', 420, 438 ]
311 silly gunzTarPerm extractEntry README.md
312 silly gunzTarPerm modified mode [ 'README.md', 420, 438 ]
313 silly gunzTarPerm extractEntry README.md
314 silly gunzTarPerm modified mode [ 'README.md', 420, 438 ]
315 silly gunzTarPerm extractEntry bindings.js
316 silly gunzTarPerm modified mode [ 'bindings.js', 420, 438 ]
317 silly gunzTarPerm extractEntry LICENSE
318 silly gunzTarPerm modified mode [ 'LICENSE', 420, 438 ]
319 silly gunzTarPerm extractEntry bcrypt.js
320 silly gunzTarPerm modified mode [ 'bcrypt.js', 420, 438 ]
321 silly gunzTarPerm extractEntry binding.gyp
322 silly gunzTarPerm modified mode [ 'binding.gyp', 420, 438 ]
323 silly gunzTarPerm extractEntry .travis.yml
324 silly gunzTarPerm modified mode [ '.travis.yml', 420, 438 ]
325 silly gunzTarPerm extractEntry CHANGELOG.md
326 silly gunzTarPerm modified mode [ 'CHANGELOG.md', 420, 438 ]
327 silly gunzTarPerm extractEntry examples/async_compare.js
328 silly gunzTarPerm modified mode [ 'examples/async_compare.js', 420, 438 ]
329 silly gunzTarPerm extractEntry examples/forever_gen_salt.js
330 silly gunzTarPerm modified mode [ 'examples/forever_gen_salt.js', 420, 438 ]
331 silly gunzTarPerm extractEntry test/async.js
332 silly gunzTarPerm modified mode [ 'test/async.js', 420, 438 ]
333 silly gunzTarPerm extractEntry test/repetitions.js
334 silly gunzTarPerm modified mode [ 'test/repetitions.js', 420, 438 ]
335 silly gunzTarPerm extractEntry test/sync.js
336 silly gunzTarPerm modified mode [ 'test/sync.js', 420, 438 ]
337 silly gunzTarPerm extractEntry Makefile
338 silly gunzTarPerm modified mode [ 'Makefile', 420, 438 ]
339 silly gunzTarPerm extractEntry src/bcrypt.cc
340 silly gunzTarPerm modified mode [ 'src/bcrypt.cc', 420, 438 ]
341 silly gunzTarPerm extractEntry src/bcrypt_node.cc
342 silly gunzTarPerm modified mode [ 'src/bcrypt_node.cc', 420, 438 ]
343 silly gunzTarPerm extractEntry src/blowfish.cc
344 silly gunzTarPerm modified mode [ 'src/blowfish.cc', 420, 438 ]
345 silly gunzTarPerm extractEntry src/node_blf.h
346 silly gunzTarPerm modified mode [ 'src/node_blf.h', 420, 438 ]
347 silly gunzTarPerm extractEntry werker.yml
348 silly gunzTarPerm modified mode [ 'werker.yml', 420, 438 ]
349 silly doParallel preinstall 3
350 silly preinstall bindings@1.2.1 C:\ruby\code\testing_ruby\node_modules\.staging\bindings-01030c282f8530a68b9209aadc8fced4
351 info lifecycle bindings@1.2.1~preinstall: bindings@1.2.1
352 silly preinstall nan@2.0.5 C:\ruby\code\testing_ruby\node_modules\.staging\nan-e1c8f90c8dc5a88879e0f574a733f84d
353 info lifecycle nan@2.0.5~preinstall: nan@2.0.5
354 silly preinstall bcrypt@0.8.5 C:\ruby\code\testing_ruby\node_modules\.staging\bcrypt-930284c58534f55910ade28a0bbe205b
355 info lifecycle bcrypt@0.8.5~preinstall: bcrypt@0.8.5
356 silly lifecycle bindings@1.2.1~preinstall: no script for preinstall, continuing
357 silly lifecycle nan@2.0.5~preinstall: no script for preinstall, continuing
358 silly lifecycle bcrypt@0.8.5~preinstall: no script for preinstall, continuing
359 silly doReverseSerial remove 0
360 silly doSerial move 0
361 silly doSerial finalize 3
362 silly finalize C:\ruby\code\testing_ruby\node_modules\bindings
363 silly finalize C:\ruby\code\testing_ruby\node_modules\nan
364 silly finalize C:\ruby\code\testing_ruby\node_modules\bcrypt
365 silly doSerial build 3
366 silly build bindings@1.2.1
367 info linkStuff bindings@1.2.1
368 silly linkStuff bindings@1.2.1 has C:\ruby\code\testing_ruby\node_modules as its parent node_modules
369 verbose linkBins bindings@1.2.1
370 verbose linkMans bindings@1.2.1
371 silly build nan@2.0.5
372 info linkStuff nan@2.0.5
373 silly linkStuff nan@2.0.5 has C:\ruby\code\testing_ruby\node_modules as its parent node_modules
374 verbose linkBins nan@2.0.5
375 verbose linkMans nan@2.0.5
376 silly build bcrypt@0.8.5
377 info linkStuff bcrypt@0.8.5
378 silly linkStuff bcrypt@0.8.5 has C:\ruby\code\testing_ruby\node_modules as its parent node_modules
379 verbose linkBins bcrypt@0.8.5
380 verbose linkMans bcrypt@0.8.5
381 silly doSerial global-link 0
382 silly doParallel update-linked 0
383 silly doSerial install 3
384 silly install bindings@1.2.1 C:\ruby\code\testing_ruby\node_modules\.staging\bindings-01030c282f8530a68b9209aadc8fced4
385 info lifecycle bindings@1.2.1~install: bindings@1.2.1
386 silly lifecycle bindings@1.2.1~install: no script for install, continuing
387 silly install nan@2.0.5 C:\ruby\code\testing_ruby\node_modules\.staging\nan-e1c8f90c8dc5a88879e0f574a733f84d
388 info lifecycle nan@2.0.5~install: nan@2.0.5
389 silly lifecycle nan@2.0.5~install: no script for install, continuing
390 silly install bcrypt@0.8.5 C:\ruby\code\testing_ruby\node_modules\.staging\bcrypt-930284c58534f55910ade28a0bbe205b
391 info lifecycle bcrypt@0.8.5~install: bcrypt@0.8.5
392 verbose lifecycle bcrypt@0.8.5~install: unsafe-perm in lifecycle true
393 verbose lifecycle bcrypt@0.8.5~install: PATH: C:\Program Files\nodejs\node_modules\npm\bin\node-gyp-bin;C:\ruby\code\testing_ruby\node_modules\bcrypt\node_modules\.bin;C:\ruby\code\testing_ruby\node_modules\.bin;C:\ProgramData\Oracle\Java\javapath;C:\Program Files (x86)\Lenovo\FusionEngine;C:\Program Files (x86)\Intel\iCLS Client\;C:\Program Files\Intel\iCLS Client\;C:\windows\system32;C:\windows;C:\windows\System32\Wbem;C:\windows\System32\WindowsPowerShell\v1.0\;C:\Program Files\Intel\Intel(R) Management Engine Components\DAL;C:\Program Files (x86)\Intel\Intel(R) Management Engine Components\DAL;C:\Program Files\Intel\Intel(R) Management Engine Components\IPT;C:\Program Files (x86)\Intel\Intel(R) Management Engine Components\IPT;C:\Program Files\Intel\WiFi\bin\;C:\Program Files\Common Files\Intel\WirelessCommon\;C:\Program Files (x86)\Common Files\lenovo\easyplussdk\bin;C:\Program Files (x86)\Heroku\bin;C:\Program Files (x86)\git\cmd;C:\Program Files (x86)\Brackets\command;C:\Program Files\nodejs\;C:\ruby\bin;C:\ruby\Ruby22\bin;C:\Users\LAM III\AppData\Roaming\npm
394 verbose lifecycle bcrypt@0.8.5~install: CWD: C:\ruby\code\testing_ruby\node_modules\bcrypt
395 silly lifecycle bcrypt@0.8.5~install: Args: [ '/d /s /c', 'node-gyp rebuild' ]
396 silly lifecycle bcrypt@0.8.5~install: Returned: code: 1  signal: null
397 info lifecycle bcrypt@0.8.5~install: Failed to exec install script
398 verbose unlock done using C:\Users\LAM III\AppData\Roaming\npm-cache\_locks\staging-d03bf406b5162305.lock for C:\ruby\code\testing_ruby\node_modules\.staging
399 silly rollbackFailedOptional Starting
400 silly rollbackFailedOptional Finishing
401 silly runTopLevelLifecycles Starting
402 silly runTopLevelLifecycles Finishing
403 silly install printInstalled
404 warn ENOENT ENOENT: no such file or directory, open 'C:\ruby\code\testing_ruby\package.json'
405 warn EPACKAGEJSON testing_ruby No description
406 warn EPACKAGEJSON testing_ruby No repository field.
407 warn EPACKAGEJSON testing_ruby No README data
408 warn EPACKAGEJSON testing_ruby No license field.
409 verbose stack Error: bcrypt@0.8.5 install: `node-gyp rebuild`
409 verbose stack Exit status 1
409 verbose stack     at EventEmitter.<anonymous> (C:\Program Files\nodejs\node_modules\npm\lib\utils\lifecycle.js:232:16)
409 verbose stack     at emitTwo (events.js:87:13)
409 verbose stack     at EventEmitter.emit (events.js:172:7)
409 verbose stack     at ChildProcess.<anonymous> (C:\Program Files\nodejs\node_modules\npm\lib\utils\spawn.js:24:14)
409 verbose stack     at emitTwo (events.js:87:13)
409 verbose stack     at ChildProcess.emit (events.js:172:7)
409 verbose stack     at maybeClose (internal/child_process.js:821:16)
409 verbose stack     at Process.ChildProcess._handle.onexit (internal/child_process.js:211:5)
410 verbose pkgid bcrypt@0.8.5
411 verbose cwd C:\ruby\code\testing_ruby
412 error Windows_NT 6.3.9600
413 error argv "C:\\Program Files\\nodejs\\node.exe" "C:\\Program Files\\nodejs\\node_modules\\npm\\bin\\npm-cli.js" "install" "bcrypt"
414 error node v5.4.1
415 error npm  v3.3.12
416 error code ELIFECYCLE
417 error bcrypt@0.8.5 install: `node-gyp rebuild`
417 error Exit status 1
418 error Failed at the bcrypt@0.8.5 install script 'node-gyp rebuild'.
418 error Make sure you have the latest version of node.js and npm installed.
418 error If you do, this is most likely a problem with the bcrypt package,
418 error not with npm itself.
418 error Tell the author that this fails on your system:
418 error     node-gyp rebuild
418 error You can get their info via:
418 error     npm owner ls bcrypt
418 error There is likely additional logging output above.
419 verbose exit [ 1, true ]
